deposit user: 0
User Info before: {
  amountLP: 0,
  weight: 0,
  lastTotalWeight: 0,
  lastTotalFarmed: 0,
  lastTotalLP: 0
}
User Info after update: {
  amountLP: 20,
  weight: 0,
  lastTotalWeight: 0,
  lastTotalFarmed: 0,
  lastTotalLP: 20
}
Global Info: { totalLP: 20, totalWeight: 0 }
Transaction Done

deposit user: 2
User Info before: {
  amountLP: 0,
  weight: 0,
  lastTotalWeight: 0,
  lastTotalFarmed: 0,
  lastTotalLP: 0
}
User Info after update: {
  amountLP: 100,
  weight: 0,
  lastTotalWeight: 0.05,
  lastTotalFarmed: 0,
  lastTotalLP: 120
}
Global Info: { totalLP: 120, totalWeight: 0.05 }
Transaction Done

deposit user: 1
User Info before: {
  amountLP: 0,
  weight: 0,
  lastTotalWeight: 0,
  lastTotalFarmed: 0,
  lastTotalLP: 0
}
User Info after update: {
  amountLP: 20,
  weight: 0,
  lastTotalWeight: 0.06666666666666667,
  lastTotalFarmed: 0,
  lastTotalLP: 140
}
Global Info: { totalLP: 140, totalWeight: 0.06666666666666667 }
Transaction Done

withdraw user: 0
User Info before: {
  amountLP: 20,
  weight: 0,
  lastTotalWeight: 0,
  lastTotalFarmed: 0,
  lastTotalLP: 20
}
User Info after update: {
  amountLP: 12,
  weight: 1.7619047619047619,
  lastTotalWeight: 0.08809523809523809,
  lastTotalFarmed: 0,
  lastTotalLP: 132
}
Global Info: { totalLP: 132, totalWeight: 0.08809523809523809 }
Transaction Done

withdraw user: 0
User Info before: {
  amountLP: 12,
  weight: 1.7619047619047619,
  lastTotalWeight: 0.08809523809523809,
  lastTotalFarmed: 0,
  lastTotalLP: 132
}
User Info after update: {
  amountLP: 5,
  weight: 1.9437229437229437,
  lastTotalWeight: 0.10324675324675324,
  lastTotalFarmed: 0,
  lastTotalLP: 125
}
Global Info: { totalLP: 125, totalWeight: 0.10324675324675324 }
Transaction Done

_getCurrentFarmed: 900
deposit user: 1
User Info before: {
  amountLP: 20,
  weight: 0,
  lastTotalWeight: 0.06666666666666667,
  lastTotalFarmed: 0,
  lastTotalLP: 140
}
User Info after update: {
  amountLP: 109.16017316017312,
  weight: 0.8916017316017313,
  lastTotalWeight: 0.11124675324675323,
  lastTotalFarmed: 900,
  lastTotalLP: 214.16017316017312
}
Global Info: { totalLP: 214.16017316017312, totalWeight: 0.11124675324675323 }
Transaction Done

deposit user: 0
User Info before: {
  amountLP: 5,
  weight: 1.9437229437229437,
  lastTotalWeight: 0.10324675324675324,
  lastTotalFarmed: 0,
  lastTotalLP: 125
}
User Info after update: {
  amountLP: 140.02944289731934,
  weight: 2.1004580006249673,
  lastTotalWeight: 0.1345937646271579,
  lastTotalFarmed: 900,
  lastTotalLP: 349.18961605749246
}
Global Info: { totalLP: 349.18961605749246, totalWeight: 0.1345937646271579 }
Transaction Done

_getCurrentFarmed: 700
deposit user: 1
User Info before: {
  amountLP: 109.16017316017312,
  weight: 0.8916017316017313,
  lastTotalWeight: 0.11124675324675323,
  lastTotalFarmed: 900,
  lastTotalLP: 214.16017316017312
}
User Info after update: {
  amountLP: 287.0207922143513,
  weight: 4.065385578381215,
  lastTotalWeight: 0.14032131180505197,
  lastTotalFarmed: 1600,
  lastTotalLP: 527.0502351116706
}
Global Info: { totalLP: 527.0502351116706, totalWeight: 0.14032131180505197 }
Transaction Done

deposit user: 0
User Info before: {
  amountLP: 140.02944289731934,
  weight: 2.1004580006249673,
  lastTotalWeight: 0.1345937646271579,
  lastTotalFarmed: 900,
  lastTotalLP: 349.18961605749246
}
User Info after update: {
  amountLP: 276.3282414200466,
  weight: 3.699538817045454,
  lastTotalWeight: 0.1460133688427732,
  lastTotalFarmed: 1600,
  lastTotalLP: 663.3490336343979
}
Global Info: { totalLP: 663.3490336343979, totalWeight: 0.1460133688427732 }
Transaction Done

deposit user: 2
User Info before: {
  amountLP: 100,
  weight: 0,
  lastTotalWeight: 0.05,
  lastTotalFarmed: 0,
  lastTotalLP: 120
}
User Info after update: {
  amountLP: 880.1669668036685,
  weight: 9.752087085045856,
  lastTotalWeight: 0.14752087085045856,
  lastTotalFarmed: 1600,
  lastTotalLP: 1443.5160004380664
}
Global Info: { totalLP: 1443.5160004380664, totalWeight: 0.14752087085045856 }
Transaction Done

_getCurrentFarmed: 500
deposit user: 0
User Info before: {
  amountLP: 276.3282414200466,
  weight: 3.699538817045454,
  lastTotalWeight: 0.1460133688427732,
  lastTotalFarmed: 1600,
  lastTotalLP: 663.3490336343979
}
User Info after update: {
  amountLP: 378.8885130001929,
  weight: 4.307531406366147,
  lastTotalWeight: 0.14821362382285133,
  lastTotalFarmed: 2100,
  lastTotalLP: 1546.0762720182126
}
Global Info: { totalLP: 1546.0762720182126, totalWeight: 0.14821362382285133 }
Transaction Done

deposit user: 1
User Info before: {
  amountLP: 287.0207922143513,
  weight: 4.065385578381215,
  lastTotalWeight: 0.14032131180505197,
  lastTotalFarmed: 1600,
  lastTotalLP: 527.0502351116706
}
User Info after update: {
  amountLP: 437.75039283656156,
  weight: 6.330643226132832,
  lastTotalWeight: 0.14821362382285133,
  lastTotalFarmed: 2100,
  lastTotalLP: 1696.8058726404229
}
Global Info: { totalLP: 1696.8058726404229, totalWeight: 0.14821362382285133 }
Transaction Done

deposit user: 2
User Info before: {
  amountLP: 880.1669668036685,
  weight: 9.752087085045856,
  lastTotalWeight: 0.14752087085045856,
  lastTotalFarmed: 1600,
  lastTotalLP: 1443.5160004380664
}
User Info after update: {
  amountLP: 1126.877094601312,
  weight: 10.361825367501025,
  lastTotalWeight: 0.14821362382285133,
  lastTotalFarmed: 2100,
  lastTotalLP: 1943.5160004380664
}
Global Info: { totalLP: 1943.5160004380664, totalWeight: 0.14821362382285133 }
Transaction Done