deposit user: 0
User Info before: { amountDLP: 0, amountLP: 0 }
_getCurrentFarmed: 0
User Info after update: { amountDLP: 100, amountLP: 100 }
Global Info: { totalDLP: 100, totalLP: 100 }
Transaction Done

deposit user: 1
User Info before: { amountDLP: 0, amountLP: 0 }
_getCurrentFarmed: 100
User Info after update: { amountDLP: 100, amountLP: 100 }
Global Info: { totalDLP: 200, totalLP: 200 }
Transaction Done

deposit user: 0
User Info before: { amountDLP: 100, amountLP: 100 }
_getCurrentFarmed: 200
_getCurrentFarmed: 200
kf: 0.5
User Info after update: { amountDLP: 150, amountLP: 300 }
Global Info: { totalDLP: 250, totalLP: 500 }
Transaction Done

deposit user: 2
User Info before: { amountDLP: 0, amountLP: 0 }
_getCurrentFarmed: 200
_getCurrentFarmed: 200
kf: 0.35714285714285715
User Info after update: { amountDLP: 35.714285714285715, amountLP: 100 }
Global Info: { totalDLP: 285.7142857142857, totalLP: 800 }
Transaction Done

deposit user: 0
User Info before: { amountDLP: 150, amountLP: 300 }
_getCurrentFarmed: 400
_getCurrentFarmed: 400
kf: 0.2380952380952381
User Info after update: { amountDLP: 150, amountLP: 630 }
Global Info: { totalDLP: 285.7142857142857, totalLP: 1200 }
Transaction Done

deposit user: 1
User Info before: { amountDLP: 100, amountLP: 100 }
_getCurrentFarmed: 0
User Info after update: { amountDLP: 100, amountLP: 420 }
Global Info: { totalDLP: 285.7142857142857, totalLP: 1200 }
Transaction Done

deposit user: 2
User Info before: { amountDLP: 35.714285714285715, amountLP: 100 }
_getCurrentFarmed: 0
User Info after update: { amountDLP: 35.714285714285715, amountLP: 150 }
Global Info: { totalDLP: 285.7142857142857, totalLP: 1200 }
Transaction Done